Arguments: 
  /usr/local/bin/node /usr/local/Cellar/yarn/1.17.3/libexec/bin/yarn.js add socket.io

PATH: 
  /usr/local/bin:/usr/bin:/bin:/usr/sbin:/sbin

Yarn version: 
  1.17.3

Node version: 
  10.16.2

Platform: 
  darwin x64

Trace: 
  Error: EACCES: permission denied, mkdir '/Users/pacowilliams/Desktop/multi-zombie/node_modules/@babel/helper-create-regexp-features-plugin/node_modules/regjsgen'

npm manifest: 
  {
    "dependencies": {
      "@types/express": "^4.17.2",
      "body-parser": "^1.19.0",
      "express": "^4.17.1",
      "parcel-bundler": "^1.12.3",
      "prettier": "^1.18.2",
      "socket.io": "^2.3.0",
      "typescript": "^3.5.3"
    },
    "scripts": {
      "build": "tsc",
      "dev": "ts-node ./lib/server.ts",
      "start": "node ./dist/server.js",
      "prod": "npm run build && npm start"
    },
    "name": "multi-zombie",
    "version": "1.0.0",
    "description": "multiplayer socketio-based zombie game",
    "main": "index.js",
    "author": "Paco <pacoswilliams@gmail.com>",
    "license": "MIT"
  }

yarn manifest: 
  No manifest

Lockfile: 
  No lockfile
